[35m[Appium][39m Welcome to Appium v1.19.1
[35m[Appium][39m Non-default server args:
[35m[Appium][39m   port: 54649
[35m[Appium][39m   tmpDir: C:\Users\admin\AppData\Local\Temp\\Katalon\Appium\Temp1708603160905
[35m[Appium][39m   chromedriverPort: 54650
[35m[Appium][39m Deprecated server args:
[35m[Appium][39m   [31m--chromedriver-port[39m => --default-capabilities
[35m[Appium][39m Default capabilities, which will be added to each request unless overridden by desired capabilities:
[35m[Appium][39m   chromedriverPort: 54650
[35m[Appium][39m Appium REST http interface listener started on 0.0.0.0:54649
[35m[HTTP][39m [37m-->[39m [37mGET[39m [37m/wd/hub/status[39m
[35m[HTTP][39m [90m{}[39m
[debug] [35m[GENERIC][39m Calling AppiumDriver.getStatus() with args: []
[debug] [35m[GENERIC][39m Responding to client with driver.getStatus() result: {"build":{"version":"1.19.1"}}
[35m[HTTP][39m [37m<-- GET /wd/hub/status [39m[32m200[39m [90m6 ms - 68[39m
[35m[HTTP][39m [90m[39m
[35m[HTTP][39m [37m-->[39m [37mGET[39m [37m/wd/hub/status[39m
[35m[HTTP][39m [90m{}[39m
[debug] [35m[GENERIC][39m Calling AppiumDriver.getStatus() with args: []
[debug] [35m[GENERIC][39m Responding to client with driver.getStatus() result: {"build":{"version":"1.19.1"}}
[35m[HTTP][39m [37m<-- GET /wd/hub/status [39m[32m200[39m [90m1 ms - 68[39m
[35m[HTTP][39m [90m[39m
[35m[HTTP][39m [37m-->[39m [37mPOST[39m [37m/wd/hub/session[39m
[35m[HTTP][39m [90m{"desiredCapabilities":{"app":"C:\\Users\\admin\\AppData\\Roaming\\npm\\node_modules\\appium\\app.apk","noReset":true,"deviceName":"emulator-5554 (sdk_gphone64_x86_64 - Android 14)","fullReset":false,"platform":"ANDROID","newCommandTimeout":1800,"platformVersion":"14","automationName":"uiautomator2","autoGrantPermissions":true,"platformName":"Android","udid":"emulator-5554","systemPort":54665},"capabilities":{"firstMatch":[{"appium:app":"C:\\Users\\admin\\AppData\\Roaming\\npm\\node_modules\\appium\\app.apk","appium:autoGrantPermissions":true,"appium:automationName":"uiautomator2","appium:deviceName":"emulator-5554 (sdk_gphone64_x86_64 - Android 14)","appium:fullReset":false,"appium:newCommandTimeout":1800,"appium:noReset":true,"platform":"ANDROID","platformName":"android","appium:platformVersion":"14","appium:systemPort":54665,"appium:udid":"emulator-5554"}]}}[39m
[debug] [35m[W3C][39m Calling AppiumDriver.createSession() with args: [{"app":"C:\\Users\\admin\\AppData\\Roaming\\npm\\node_modules\\appium\\app.apk","noReset":true,"deviceName":"emulator-5554 (sdk_gphone64_x86_64 - Android 14)","fullReset":false,"platform":"ANDROID","newCommandTimeout":1800,"platformVersion":"14","automationName":"uiautomator2","autoGrantPermissions":true,"platformName":"Android","udid":"emulator-5554","systemPort":54665},null,{"firstMatch":[{"appium:app":"C:\\Users\\admin\\AppData\\Roaming\\npm\\node_modules\\appium\\app.apk","appium:autoGrantPermissions":true,"appium:automationName":"uiautomator2","appium:deviceName":"emulator-5554 (sdk_gphone64_x86_64 - Android 14)","appium:fullReset":false,"appium:newCommandTimeout":1800,"appium:noReset":true,"platform":"ANDROID","platformName":"android","appium:platformVersion":"14","appium:systemPort":54665,"appium:udid":"emulator-5554"}]}]
[debug] [35m[BaseDriver][39m Event 'newSessionRequested' logged at 1708603162716 (18:59:22 GMT+0700 (Western Indonesia Time))
[35m[BaseDriver][39m The following capabilities are not standard capabilities and should have an extension prefix:
[35m[BaseDriver][39m   platform
[35m[BaseDriver][39m   chromedriverPort
[35m[Appium][39m Appium v1.19.1 creating new AndroidUiautomator2Driver (v1.59.0) session
[debug] [35m[BaseDriver][39m W3C capabilities and MJSONWP desired capabilities were provided
[debug] [35m[BaseDriver][39m Creating session with W3C capabilities: {
[debug] [35m[BaseDriver][39m   "alwaysMatch": {
[debug] [35m[BaseDriver][39m     "appium:platform": "ANDROID",
[debug] [35m[BaseDriver][39m     "platformName": "android",
[debug] [35m[BaseDriver][39m     "appium:chromedriverPort": 54650,
[debug] [35m[BaseDriver][39m     "appium:app": "C:\\Users\\admin\\AppData\\Roaming\\npm\\node_modules\\appium\\app.apk",
[debug] [35m[BaseDriver][39m     "appium:autoGrantPermissions": true,
[debug] [35m[BaseDriver][39m     "appium:automationName": "uiautomator2",
[debug] [35m[BaseDriver][39m     "appium:deviceName": "emulator-5554 (sdk_gphone64_x86_64 - Android 14)",
[debug] [35m[BaseDriver][39m     "appium:fullReset": false,
[debug] [35m[BaseDriver][39m     "appium:newCommandTimeout": 1800,
[debug] [35m[BaseDriver][39m     "appium:noReset": true,
[debug] [35m[BaseDriver][39m     "appium:platformVersion": "14",
[debug] [35m[BaseDriver][39m     "appium:systemPort": 54665,
[debug] [35m[BaseDriver][39m     "appium:udid": "emulator-5554"
[debug] [35m[BaseDriver][39m   },
[debug] [35m[BaseDriver][39m   "firstMatch": [
[debug] [35m[BaseDriver][39m     {}
[debug] [35m[BaseDriver][39m   ]
[debug] [35m[BaseDriver][39m }
[35m[BaseDriver][39m The following capabilities were provided, but are not recognized by Appium:
[35m[BaseDriver][39m   platform
[35m[BaseDriver][39m Session created with session id: 93a797f5-5e9e-4658-a1b4-ffa01514fca3
[35m[BaseDriver][39m Using local app 'C:\Users\admin\AppData\Roaming\npm\node_modules\appium\app.apk'
[debug] [35m[UiAutomator2][39m Checking whether app is actually present
[35m[ADB][39m Found 1 'build-tools' folders under 'C:\Users\admin\AppData\Local\Android\Sdk' (newest first):
[35m[ADB][39m     C:/Users/admin/AppData/Local/Android/Sdk/build-tools/34.0.0
[35m[ADB][39m Using 'adb.exe' from 'C:\Users\admin\AppData\Local\Android\Sdk\platform-tools\adb.exe'
[debug] [35m[ADB][39m Running 'C:\Users\admin\AppData\Local\Android\Sdk\platform-tools\adb.exe -P 5037 start-server'
[35m[AndroidDriver][39m Retrieving device list
[debug] [35m[ADB][39m Trying to find a connected android device
[debug] [35m[ADB][39m Getting connected devices
[debug] [35m[ADB][39m Connected devices: [{"udid":"emulator-5554","state":"device"}]
[35m[AndroidDriver][39m Using device: emulator-5554
[35m[ADB][39m Using 'adb.exe' from 'C:\Users\admin\AppData\Local\Android\Sdk\platform-tools\adb.exe'
[debug] [35m[ADB][39m Running 'C:\Users\admin\AppData\Local\Android\Sdk\platform-tools\adb.exe -P 5037 start-server'
[debug] [35m[ADB][39m Setting device id to emulator-5554
[debug] [35m[ADB][39m Running 'C:\Users\admin\AppData\Local\Android\Sdk\platform-tools\adb.exe -P 5037 -s emulator-5554 shell getprop ro.build.version.sdk'
[debug] [35m[ADB][39m Current device property 'ro.build.version.sdk': 34
[35m[ADB][39m Getting device platform version
[debug] [35m[ADB][39m Running 'C:\Users\admin\AppData\Local\Android\Sdk\platform-tools\adb.exe -P 5037 -s emulator-5554 shell getprop ro.build.version.release'
[debug] [35m[ADB][39m Current device property 'ro.build.version.release': 14
[debug] [35m[ADB][39m Device API level: 34
[35m[UiAutomator2][39m Relaxing hidden api policy
[debug] [35m[ADB][39m Running 'C:\Users\admin\AppData\Local\Android\Sdk\platform-tools\adb.exe -P 5037 -s emulator-5554 shell 'settings put global hidden_api_policy_pre_p_apps 1;settings put global hidden_api_policy_p_apps 1;settings put global hidden_api_policy 1''
[debug] [35m[AndroidDriver][39m Parsing package and activity from app manifest
[35m[ADB][39m Package name: 'com.jmo'
[35m[ADB][39m Main activity name: 'com.jmo.MainActivity'
[debug] [35m[AndroidDriver][39m Parsed package and activity are: com.jmo/com.jmo.MainActivity
[debug] [35m[ADB][39m Running 'C:\Users\admin\AppData\Local\Android\Sdk\platform-tools\adb.exe -P 5037 -s emulator-5554 wait-for-device'
[debug] [35m[ADB][39m Running 'C:\Users\admin\AppData\Local\Android\Sdk\platform-tools\adb.exe -P 5037 -s emulator-5554 shell echo ping'
[debug] [35m[AndroidDriver][39m Pushing settings apk to device...
[debug] [35m[ADB][39m Getting install status for io.appium.settings
[debug] [35m[ADB][39m Running 'C:\Users\admin\AppData\Local\Android\Sdk\platform-tools\adb.exe -P 5037 -s emulator-5554 shell dumpsys package io.appium.settings'
[debug] [35m[ADB][39m 'io.appium.settings' is installed
[debug] [35m[ADB][39m Getting package info for 'io.appium.settings'
[debug] [35m[ADB][39m Running 'C:\Users\admin\AppData\Local\Android\Sdk\platform-tools\adb.exe -P 5037 -s emulator-5554 shell dumpsys package io.appium.settings'
[debug] [35m[ADB][39m The version name of the installed 'io.appium.settings' is greater or equal to the application version name ('3.2.1' >= '3.2.1')
[debug] [35m[ADB][39m There is no need to install/upgrade 'C:\Users\admin\AppData\Roaming\npm\node_modules\appium\node_modules\io.appium.settings\apks\settings_apk-debug.apk'
[debug] [35m[ADB][39m Getting IDs of all 'io.appium.settings' processes
[debug] [35m[ADB][39m Running 'C:\Users\admin\AppData\Local\Android\Sdk\platform-tools\adb.exe -P 5037 -s emulator-5554 shell 'pgrep --help; echo $?''
[debug] [35m[ADB][39m Running 'C:\Users\admin\AppData\Local\Android\Sdk\platform-tools\adb.exe -P 5037 -s emulator-5554 shell pgrep -f \(\[\[:blank:\]\]\|\^\)io\.appium\.settings\(\[\[:blank:\]\]\|\$\)'
[debug] [35m[AndroidDriver][39m io.appium.settings is already running. There is no need to reset its permissions.
[debug] [35m[Logcat][39m Starting logs capture with command: C:\\Users\\admin\\AppData\\Local\\Android\\Sdk\\platform-tools\\adb.exe -P 5037 -s emulator-5554 logcat -v threadtime
[debug] [35m[UiAutomator2][39m Forwarding UiAutomator2 Server port 6790 to local port 54665
[debug] [35m[ADB][39m Forwarding system: 54665 to device: 6790
[debug] [35m[ADB][39m Running 'C:\Users\admin\AppData\Local\Android\Sdk\platform-tools\adb.exe -P 5037 -s emulator-5554 forward tcp:54665 tcp:6790'
[debug] [35m[ADB][39m Getting install status for io.appium.uiautomator2.server
[debug] [35m[ADB][39m Running 'C:\Users\admin\AppData\Local\Android\Sdk\platform-tools\adb.exe -P 5037 -s emulator-5554 shell dumpsys package io.appium.uiautomator2.server'
[debug] [35m[ADB][39m 'io.appium.uiautomator2.server' is installed
[debug] [35m[ADB][39m Getting package info for 'io.appium.uiautomator2.server'
[debug] [35m[ADB][39m Running 'C:\Users\admin\AppData\Local\Android\Sdk\platform-tools\adb.exe -P 5037 -s emulator-5554 shell dumpsys package io.appium.uiautomator2.server'
[debug] [35m[ADB][39m The version name of the installed 'io.appium.uiautomator2.server' is greater or equal to the application version name ('4.15.0' >= '4.15.0')
[debug] [35m[UiAutomator2][39m io.appium.uiautomator2.server installation state: sameVersionInstalled
[debug] [35m[ADB][39m Checking app cert for C:\Users\admin\AppData\Roaming\npm\node_modules\appium\node_modules\appium-uiautomator2-server\apks\appium-uiautomator2-server-v4.15.0.apk
[35m[ADB][39m Using 'apksigner.jar' from 'C:\Users\admin\AppData\Local\Android\Sdk\build-tools\34.0.0\lib\apksigner.jar'
[debug] [35m[ADB][39m Starting apksigner: C:\\Users\\admin\\.katalon\\packages\\Katalon_Studio_Windows_64-9.0.0\\Katalon_Studio_Windows_64-9.0.0\\jre\\bin\\java.exe -Xmx1024M -Xss1m -jar C:\\Users\\admin\\AppData\\Local\\Android\\Sdk\\build-tools\\34.0.0\\lib\\apksigner.jar verify --print-certs C:\\Users\\admin\\AppData\\Roaming\\npm\\node_modules\\appium\\node_modules\\appium-uiautomator2-server\\apks\\appium-uiautomator2-server-v4.15.0.apk
[debug] [35m[ADB][39m apksigner stdout: Signer #1 certificate DN: EMAILADDRESS=android@android.com, CN=Android, OU=Android, O=Android, L=Mountain View, ST=California, C=US
[debug] [35m[ADB][39m Signer #1 certificate SHA-256 digest: a40da80a59d170caa950cf15c18c454d47a39b26989d8b640ecd745ba71bf5dc
[debug] [35m[ADB][39m Signer #1 certificate SHA-1 digest: 61ed377e85d386a8dfee6b864bd85b0bfaa5af81
[debug] [35m[ADB][39m Signer #1 certificate MD5 digest: e89b158e4bcf988ebd09eb83f5378e87
[debug] [35m[ADB][39m 
[debug] [35m[ADB][39m sha256 hash did match for 'appium-uiautomator2-server-v4.15.0.apk'
[35m[ADB][39m 'C:\Users\admin\AppData\Roaming\npm\node_modules\appium\node_modules\appium-uiautomator2-server\apks\appium-uiautomator2-server-v4.15.0.apk' is signed with the default certificate
[debug] [35m[ADB][39m Getting install status for io.appium.uiautomator2.server.test
[debug] [35m[ADB][39m Running 'C:\Users\admin\AppData\Local\Android\Sdk\platform-tools\adb.exe -P 5037 -s emulator-5554 shell dumpsys package io.appium.uiautomator2.server.test'
[debug] [35m[ADB][39m 'io.appium.uiautomator2.server.test' is installed
[debug] [35m[ADB][39m Checking app cert for C:\Users\admin\AppData\Roaming\npm\node_modules\appium\node_modules\appium-uiautomator2-server\apks\appium-uiautomator2-server-debug-androidTest.apk
[debug] [35m[ADB][39m Starting apksigner: C:\\Users\\admin\\.katalon\\packages\\Katalon_Studio_Windows_64-9.0.0\\Katalon_Studio_Windows_64-9.0.0\\jre\\bin\\java.exe -Xmx1024M -Xss1m -jar C:\\Users\\admin\\AppData\\Local\\Android\\Sdk\\build-tools\\34.0.0\\lib\\apksigner.jar verify --print-certs C:\\Users\\admin\\AppData\\Roaming\\npm\\node_modules\\appium\\node_modules\\appium-uiautomator2-server\\apks\\appium-uiautomator2-server-debug-androidTest.apk
[debug] [35m[ADB][39m apksigner stdout: Signer #1 certificate DN: EMAILADDRESS=android@android.com, CN=Android, OU=Android, O=Android, L=Mountain View, ST=California, C=US
[debug] [35m[ADB][39m Signer #1 certificate SHA-256 digest: a40da80a59d170caa950cf15c18c454d47a39b26989d8b640ecd745ba71bf5dc
[debug] [35m[ADB][39m Signer #1 certificate SHA-1 digest: 61ed377e85d386a8dfee6b864bd85b0bfaa5af81
[debug] [35m[ADB][39m Signer #1 certificate MD5 digest: e89b158e4bcf988ebd09eb83f5378e87
[debug] [35m[ADB][39m 
[debug] [35m[ADB][39m sha256 hash did match for 'appium-uiautomator2-server-debug-androidTest.apk'
[35m[ADB][39m 'C:\Users\admin\AppData\Roaming\npm\node_modules\appium\node_modules\appium-uiautomator2-server\apks\appium-uiautomator2-server-debug-androidTest.apk' is signed with the default certificate
[35m[UiAutomator2][39m Server packages are not going to be (re)installed
[debug] [35m[UiAutomator2][39m Waiting up to 30000ms for services to be available
[debug] [35m[ADB][39m Running 'C:\Users\admin\AppData\Local\Android\Sdk\platform-tools\adb.exe -P 5037 -s emulator-5554 shell pm list instrumentation'
[debug] [35m[UiAutomator2][39m Instrumentation target 'io.appium.uiautomator2.server.test/androidx.test.runner.AndroidJUnitRunner' is available
[debug] [35m[ADB][39m Checking app cert for C:\Users\admin\AppData\Roaming\npm\node_modules\appium\app.apk
[debug] [35m[ADB][39m Starting apksigner: C:\\Users\\admin\\.katalon\\packages\\Katalon_Studio_Windows_64-9.0.0\\Katalon_Studio_Windows_64-9.0.0\\jre\\bin\\java.exe -Xmx1024M -Xss1m -jar C:\\Users\\admin\\AppData\\Local\\Android\\Sdk\\build-tools\\34.0.0\\lib\\apksigner.jar verify --print-certs C:\\Users\\admin\\AppData\\Roaming\\npm\\node_modules\\appium\\app.apk
[debug] [35m[ADB][39m apksigner stdout: Signer #1 certificate DN: O=BPJSTKU
[debug] [35m[ADB][39m Signer #1 certificate SHA-256 digest: 10f6399472661be111fd70c6cd2ecbe66c390f86d30b55a64484caf33fb983a3
[debug] [35m[ADB][39m Signer #1 certificate SHA-1 digest: 9cdf714b423418b161d41eb89e884674e3209a8f
[debug] [35m[ADB][39m Signer #1 certificate MD5 digest: 052edcec3afbf94deababfad4bf7e5f4
[debug] [35m[ADB][39m 
[35m[ADB][39m 'C:\Users\admin\AppData\Roaming\npm\node_modules\appium\app.apk' is signed with a non-default certificate
[debug] [35m[ADB][39m Getting install status for com.jmo
[debug] [35m[ADB][39m Running 'C:\Users\admin\AppData\Local\Android\Sdk\platform-tools\adb.exe -P 5037 -s emulator-5554 shell dumpsys package com.jmo'
[debug] [35m[ADB][39m 'com.jmo' is not installed
[debug] [35m[ADB][39m App 'C:\Users\admin\AppData\Roaming\npm\node_modules\appium\app.apk' is not installed
[debug] [35m[ADB][39m Installing 'C:\Users\admin\AppData\Roaming\npm\node_modules\appium\app.apk'
[debug] [35m[ADB][39m Running 'C:\Users\admin\AppData\Local\Android\Sdk\platform-tools\adb.exe -P 5037 -s emulator-5554 help'
[debug] [35m[ADB][39m Running 'C:\Users\admin\AppData\Local\Android\Sdk\platform-tools\adb.exe -P 5037 -s emulator-5554 features'
[35m[ADB][39m The application at 'C:\Users\admin\AppData\Roaming\npm\node_modules\appium\app.apk' will not be cached, because the device under test has confirmed the support of streamed installs
[debug] [35m[ADB][39m Running 'C:\Users\admin\AppData\Local\Android\Sdk\platform-tools\adb.exe -P 5037 -s emulator-5554 install -g C:\Users\admin\AppData\Roaming\npm\node_modules\appium\app.apk'
[35m[ADB][39m The installation of 'app.apk' took 2759ms
[debug] [35m[ADB][39m Install command stdout: Performing Streamed Install
[debug] [35m[ADB][39m Success
[debug] [35m[UiAutomator2][39m Performing shallow cleanup of automation leftovers
[debug] [35m[UiAutomator2][39m No obsolete sessions have been detected (socket hang up)
[debug] [35m[ADB][39m Running 'C:\Users\admin\AppData\Local\Android\Sdk\platform-tools\adb.exe -P 5037 -s emulator-5554 shell am force-stop io.appium.uiautomator2.server.test'
[35m[UiAutomator2][39m Starting UIAutomator2 server 4.15.0
[35m[UiAutomator2][39m Using UIAutomator2 server from 'C:\Users\admin\AppData\Roaming\npm\node_modules\appium\node_modules\appium-uiautomator2-server\apks\appium-uiautomator2-server-v4.15.0.apk' and test from 'C:\Users\admin\AppData\Roaming\npm\node_modules\appium\node_modules\appium-uiautomator2-server\apks\appium-uiautomator2-server-debug-androidTest.apk'
[35m[UiAutomator2][39m Waiting up to 30000ms for UiAutomator2 to be online...
[debug] [35m[ADB][39m Creating ADB subprocess with args: ["-P",5037,"-s","emulator-5554","shell","am","instrument","-w","io.appium.uiautomator2.server.test/androidx.test.runner.AndroidJUnitRunner"]
[debug] [35m[WD Proxy][39m Matched '/status' to command name 'getStatus'
[debug] [35m[WD Proxy][39m Proxying [GET /status] to [GET http://127.0.0.1:54665/wd/hub/status] with no body
[35m[WD Proxy][39m socket hang up
[debug] [35m[Instrumentation][39m io.appium.uiautomator2.server.test.AppiumUiAutomator2Server:
[debug] [35m[WD Proxy][39m Matched '/status' to command name 'getStatus'
[debug] [35m[WD Proxy][39m Proxying [GET /status] to [GET http://127.0.0.1:54665/wd/hub/status] with no body
[35m[WD Proxy][39m socket hang up
[debug] [35m[WD Proxy][39m Matched '/status' to command name 'getStatus'
[debug] [35m[WD Proxy][39m Proxying [GET /status] to [GET http://127.0.0.1:54665/wd/hub/status] with no body
[debug] [35m[WD Proxy][39m Got response with status 200: {"sessionId":"None","value":{"message":"UiAutomator2 Server is ready to accept commands","ready":true}}
[debug] [35m[UiAutomator2][39m The initialization of the instrumentation process took 3151ms
[debug] [35m[WD Proxy][39m Matched '/session' to command name 'createSession'
[debug] [35m[WD Proxy][39m Proxying [POST /session] to [POST http://127.0.0.1:54665/wd/hub/session] with body: {"capabilities":{"firstMatch":[{"platform":"ANDROID","webStorageEnabled":false,"takesScreenshot":true,"javascriptEnabled":true,"databaseEnabled":false,"networkConnectionEnabled":true,"locationContextEnabled":false,"warnings":{},"desired":{"platformName":"android","platform":"ANDROID","chromedriverPort":54650,"app":"C:\\Users\\admin\\AppData\\Roaming\\npm\\node_modules\\appium\\app.apk","autoGrantPermissions":true,"automationName":"uiautomator2","deviceName":"emulator-5554 (sdk_gphone64_x86_64 - Android 14)","fullReset":false,"newCommandTimeout":1800,"noReset":true,"platformVersion":"14","systemPort":54665,"udid":"emulator-5554"},"platformName":"android","chromedriverPort":54650,"app":"C:\\Users\\admin\\AppData\\Roaming\\npm\\node_modules\\appium\\app.apk","autoGrantPermissions":true,"automationName":"uiautomator2","deviceName":"emulator-5554","fullReset":false,"newCommandTimeout":1800,"noReset":true,"platformVersion":"14","systemPort":54665,"udid":"emulator-5554","deviceUDID":"emulator-5554","appPackage":"...
[debug] [35m[WD Proxy][39m Got response with status 200: {"sessionId":"df57e555-096d-4474-b2bf-8c63a887b96a","value":{"capabilities":{"firstMatch":[{"platform":"ANDROID","webStorageEnabled":false,"takesScreenshot":true,"javascriptEnabled":true,"databaseEnabled":false,"networkConnectionEnabled":true,"locationContextEnabled":false,"warnings":{},"desired":{"platformName":"android","platform":"ANDROID","chromedriverPort":54650,"app":"C:\\Users\\admin\\AppData\\Roaming\\npm\\node_modules\\appium\\app.apk","autoGrantPermissions":true,"automationName":"uiautomator2","deviceName":"emulator-5554 (sdk_gphone64_x86_64 - Android 14)","fullReset":false,"newCommandTimeout":1800,"noReset":true,"platformVersion":"14","systemPort":54665,"udid":"emulator-5554"},"platformName":"android","chromedriverPort":54650,"app":"C:\\Users\\admin\\AppData\\Roaming\\npm\\node_modules\\appium\\app.apk","autoGrantPermissions":true,"automationName":"uiautomator2","deviceName":"emulator-5554","fullReset":false,"newCommandTimeout":1800,"noReset":true,"platformVersion":"14","systemPort":54665,"udid"...
[35m[WD Proxy][39m Determined the downstream protocol as 'W3C'
[debug] [35m[WD Proxy][39m Proxying [GET /appium/device/info] to [GET http://127.0.0.1:54665/wd/hub/session/df57e555-096d-4474-b2bf-8c63a887b96a/appium/device/info] with no body
[debug] [35m[WD Proxy][39m Got response with status 200: {"sessionId":"df57e555-096d-4474-b2bf-8c63a887b96a","value":{"androidId":"5a1b473e68846461","apiVersion":"34","bluetooth":{"state":"ON"},"brand":"google","carrierName":"T-Mobile","displayDensity":560,"locale":"en_US","manufacturer":"Google","model":"sdk_gphone64_x86_64","networks":[{"capabilities":{"SSID":null,"linkDownBandwidthKbps":30000,"linkUpstreamBandwidthKbps":12000,"networkCapabilities":"NET_CAPABILITY_NOT_METERED,NET_CAPABILITY_INTERNET,NET_CAPABILITY_NOT_RESTRICTED,NET_CAPABILITY_TRUSTED,NET_CAPABILITY_NOT_VPN,NET_CAPABILITY_VALIDATED,NET_CAPABILITY_NOT_ROAMING,NET_CAPABILITY_FOREGROUND,NET_CAPABILITY_NOT_CONGESTED,NET_CAPABILITY_NOT_SUSPENDED","signalStrength":-50,"transportTypes":"TRANSPORT_WIFI"},"detailedState":"CONNECTED","extraInfo":"","isAvailable":true,"isConnected":true,"isFailover":false,"isRoaming":false,"state":"CONNECTED","subtype":-1,"subtypeName":"","type":1,"typeName":"WIFI"},{"capabilities":{"SSID":null,"linkDownBandwidthKbps":30000,"linkUpstreamBandwidthKbps":15000,"networkCapab...
[debug] [35m[ADB][39m Running 'C:\Users\admin\AppData\Local\Android\Sdk\platform-tools\adb.exe -P 5037 -s emulator-5554 shell dumpsys window'
[35m[AndroidDriver][39m Screen already unlocked, doing nothing
[35m[UiAutomator2][39m Starting 'com.jmo/com.jmo.MainActivity and waiting for 'com.jmo/com.jmo.MainActivity'
[debug] [35m[ADB][39m Running 'C:\Users\admin\AppData\Local\Android\Sdk\platform-tools\adb.exe -P 5037 -s emulator-5554 shell am start -W -n com.jmo/com.jmo.MainActivity -S -a android.intent.action.MAIN -c android.intent.category.LAUNCHER -f 0x10200000'
[debug] [35m[ADB][39m Waiting up to 20000ms for activity matching pkg: 'com.jmo' and activity: 'com.jmo.MainActivity' to be focused
[debug] [35m[ADB][39m Possible activities, to be checked: 'com.jmo.MainActivity', 'com.jmo.com.jmo.MainActivity'
[debug] [35m[ADB][39m Getting focused package and activity
[debug] [35m[ADB][39m Running 'C:\Users\admin\AppData\Local\Android\Sdk\platform-tools\adb.exe -P 5037 -s emulator-5554 shell dumpsys window displays'
[debug] [35m[ADB][39m Found package: 'com.jmo' and fully qualified activity name : 'com.jmo.MainActivity'
[debug] [35m[WD Proxy][39m Proxying [GET /appium/device/pixel_ratio] to [GET http://127.0.0.1:54665/wd/hub/session/df57e555-096d-4474-b2bf-8c63a887b96a/appium/device/pixel_ratio] with no body
[debug] [35m[WD Proxy][39m Got response with status 200: {"sessionId":"df57e555-096d-4474-b2bf-8c63a887b96a","value":3.5}
[debug] [35m[WD Proxy][39m Matched '/appium/device/system_bars' to command name 'getSystemBars'
[debug] [35m[WD Proxy][39m Proxying [GET /appium/device/system_bars] to [GET http://127.0.0.1:54665/wd/hub/session/df57e555-096d-4474-b2bf-8c63a887b96a/appium/device/system_bars] with no body
[debug] [35m[WD Proxy][39m Got response with status 200: {"sessionId":"df57e555-096d-4474-b2bf-8c63a887b96a","value":{"statusBar":84}}
[debug] [35m[WD Proxy][39m Matched '/window/current/size' to command name 'getWindowSize'
[debug] [35m[WD Proxy][39m Proxying [GET /window/current/size] to [GET http://127.0.0.1:54665/wd/hub/session/df57e555-096d-4474-b2bf-8c63a887b96a/window/current/size] with no body
[debug] [35m[WD Proxy][39m Got response with status 200: {"sessionId":"df57e555-096d-4474-b2bf-8c63a887b96a","value":{"height":2891,"width":1440}}
[35m[Appium][39m New AndroidUiautomator2Driver session created successfully, session 93a797f5-5e9e-4658-a1b4-ffa01514fca3 added to master session list
[debug] [35m[BaseDriver][39m Event 'newSessionStarted' logged at 1708603175834 (18:59:35 GMT+0700 (Western Indonesia Time))
[debug] [35m[W3C (93a797f5)][39m Cached the protocol value 'W3C' for the new session 93a797f5-5e9e-4658-a1b4-ffa01514fca3
[debug] [35m[W3C (93a797f5)][39m Responding to client with driver.createSession() result: {"capabilities":{"platform":"ANDROID","webStorageEnabled":false,"takesScreenshot":true,"javascriptEnabled":true,"databaseEnabled":false,"networkConnectionEnabled":true,"locationContextEnabled":false,"warnings":{},"desired":{"platformName":"android","platform":"ANDROID","chromedriverPort":54650,"app":"C:\\Users\\admin\\AppData\\Roaming\\npm\\node_modules\\appium\\app.apk","autoGrantPermissions":true,"automationName":"uiautomator2","deviceName":"emulator-5554 (sdk_gphone64_x86_64 - Android 14)","fullReset":false,"newCommandTimeout":1800,"noReset":true,"platformVersion":"14","systemPort":54665,"udid":"emulator-5554"},"platformName":"android","chromedriverPort":54650,"app":"C:\\Users\\admin\\AppData\\Roaming\\npm\\node_modules\\appium\\app.apk","autoGrantPermissions":true,"automationName":"uiautomator2","deviceName":"emulator-5554","fullReset":false,"newCommandTimeout":1800,"noReset":true,"platformVersion":"14","systemPort":54665,"udid":"emulator-5554","deviceUDID":"emulator-5554","appPackage":"com.jmo","devic...
[35m[HTTP][39m [37m<-- POST /wd/hub/session [39m[32m200[39m [90m13121 ms - 1318[39m
[35m[HTTP][39m [90m[39m
[35m[HTTP][39m [37m-->[39m [37mGET[39m [37m/wd/hub/session/93a797f5-5e9e-4658-a1b4-ffa01514fca3[39m
[35m[HTTP][39m [90m{}[39m
[debug] [35m[W3C (93a797f5)][39m Calling AppiumDriver.getSession() with args: ["93a797f5-5e9e-4658-a1b4-ffa01514fca3"]
[debug] [35m[UiAutomator2][39m Getting session details from server to mix in
[debug] [35m[WD Proxy][39m Matched '/' to command name 'getSession'
[debug] [35m[WD Proxy][39m Proxying [GET /] to [GET http://127.0.0.1:54665/wd/hub/session/df57e555-096d-4474-b2bf-8c63a887b96a] with no body
[debug] [35m[WD Proxy][39m Got response with status 200: {"sessionId":"df57e555-096d-4474-b2bf-8c63a887b96a","value":{"lastScrollData":null}}
[debug] [35m[W3C (93a797f5)][39m Responding to client with driver.getSession() result: {"platform":"ANDROID","webStorageEnabled":false,"takesScreenshot":true,"javascriptEnabled":true,"databaseEnabled":false,"networkConnectionEnabled":true,"locationContextEnabled":false,"warnings":{},"desired":{"platformName":"android","platform":"ANDROID","chromedriverPort":54650,"app":"C:\\Users\\admin\\AppData\\Roaming\\npm\\node_modules\\appium\\app.apk","autoGrantPermissions":true,"automationName":"uiautomator2","deviceName":"emulator-5554 (sdk_gphone64_x86_64 - Android 14)","fullReset":false,"newCommandTimeout":1800,"noReset":true,"platformVersion":"14","systemPort":54665,"udid":"emulator-5554"},"platformName":"android","chromedriverPort":54650,"app":"C:\\Users\\admin\\AppData\\Roaming\\npm\\node_modules\\appium\\app.apk","autoGrantPermissions":true,"automationName":"uiautomator2","deviceName":"emulator-5554","fullReset":false,"newCommandTimeout":1800,"noReset":true,"platformVersion":"14","systemPort":54665,"udid":"emulator-5554","deviceUDID":"emulator-5554","appPackage":"com.jmo","deviceApiLevel":34,"d...
[35m[HTTP][39m [37m<-- GET /wd/hub/session/93a797f5-5e9e-4658-a1b4-ffa01514fca3 [39m[32m200[39m [90m14 ms - 1272[39m
[35m[HTTP][39m [90m[39m
[35m[HTTP][39m [37m-->[39m [37mGET[39m [37m/wd/hub/session/93a797f5-5e9e-4658-a1b4-ffa01514fca3[39m
[35m[HTTP][39m [90m{}[39m
[debug] [35m[W3C (93a797f5)][39m Calling AppiumDriver.getSession() with args: ["93a797f5-5e9e-4658-a1b4-ffa01514fca3"]
[debug] [35m[UiAutomator2][39m Getting session details from server to mix in
[debug] [35m[WD Proxy][39m Matched '/' to command name 'getSession'
[debug] [35m[WD Proxy][39m Proxying [GET /] to [GET http://127.0.0.1:54665/wd/hub/session/df57e555-096d-4474-b2bf-8c63a887b96a] with no body
[debug] [35m[WD Proxy][39m Got response with status 200: {"sessionId":"df57e555-096d-4474-b2bf-8c63a887b96a","value":{"lastScrollData":null}}
[debug] [35m[W3C (93a797f5)][39m Responding to client with driver.getSession() result: {"platform":"ANDROID","webStorageEnabled":false,"takesScreenshot":true,"javascriptEnabled":true,"databaseEnabled":false,"networkConnectionEnabled":true,"locationContextEnabled":false,"warnings":{},"desired":{"platformName":"android","platform":"ANDROID","chromedriverPort":54650,"app":"C:\\Users\\admin\\AppData\\Roaming\\npm\\node_modules\\appium\\app.apk","autoGrantPermissions":true,"automationName":"uiautomator2","deviceName":"emulator-5554 (sdk_gphone64_x86_64 - Android 14)","fullReset":false,"newCommandTimeout":1800,"noReset":true,"platformVersion":"14","systemPort":54665,"udid":"emulator-5554"},"platformName":"android","chromedriverPort":54650,"app":"C:\\Users\\admin\\AppData\\Roaming\\npm\\node_modules\\appium\\app.apk","autoGrantPermissions":true,"automationName":"uiautomator2","deviceName":"emulator-5554","fullReset":false,"newCommandTimeout":1800,"noReset":true,"platformVersion":"14","systemPort":54665,"udid":"emulator-5554","deviceUDID":"emulator-5554","appPackage":"com.jmo","deviceApiLevel":34,"d...
[35m[HTTP][39m [37m<-- GET /wd/hub/session/93a797f5-5e9e-4658-a1b4-ffa01514fca3 [39m[32m200[39m [90m15 ms - 1272[39m
[35m[HTTP][39m [90m[39m
[35m[HTTP][39m [37m-->[39m [37mGET[39m [37m/wd/hub/status[39m
[35m[HTTP][39m [90m{}[39m
[debug] [35m[GENERIC][39m Calling AppiumDriver.getStatus() with args: []
[debug] [35m[GENERIC][39m Responding to client with driver.getStatus() result: {"build":{"version":"1.19.1"}}
[35m[HTTP][39m [37m<-- GET /wd/hub/status [39m[32m200[39m [90m1 ms - 68[39m
[35m[HTTP][39m [90m[39m
[35m[HTTP][39m [37m-->[39m [37mPOST[39m [37m/wd/hub/session/93a797f5-5e9e-4658-a1b4-ffa01514fca3/timeouts[39m
[35m[HTTP][39m [90m{"implicit":60000}[39m
[debug] [35m[W3C (93a797f5)][39m Calling AppiumDriver.timeouts() with args: [null,null,null,null,60000,"93a797f5-5e9e-4658-a1b4-ffa01514fca3"]
[debug] [35m[BaseDriver][39m W3C timeout argument: {"implicit":60000}}
[debug] [35m[BaseDriver][39m Set implicit wait to 60000ms
[debug] [35m[W3C (93a797f5)][39m Responding to client with driver.timeouts() result: null
[35m[HTTP][39m [37m<-- POST /wd/hub/session/93a797f5-5e9e-4658-a1b4-ffa01514fca3/timeouts [39m[32m200[39m [90m3 ms - 14[39m
[35m[HTTP][39m [90m[39m
[35m[HTTP][39m [37m-->[39m [37mGET[39m [37m/wd/hub/session/93a797f5-5e9e-4658-a1b4-ffa01514fca3/source[39m
[35m[HTTP][39m [90m{}[39m
[35m[W3C (93a797f5)][39m Driver proxy active, passing request on via HTTP proxy
[debug] [35m[WD Proxy][39m Matched '/wd/hub/session/93a797f5-5e9e-4658-a1b4-ffa01514fca3/source' to command name 'getPageSource'
[debug] [35m[WD Proxy][39m Proxying [GET /wd/hub/session/93a797f5-5e9e-4658-a1b4-ffa01514fca3/source] to [GET http://127.0.0.1:54665/wd/hub/session/df57e555-096d-4474-b2bf-8c63a887b96a/source] with no body
[debug] [35m[WD Proxy][39m Got response with status 200: {"sessionId":"df57e555-096d-4474-b2bf-8c63a887b96a","value":"<?xml version='1.0' encoding='UTF-8' standalone='yes' ?>\r\n<hierarchy index=\"0\" class=\"hierarchy\" rotation=\"0\" width=\"1440\" height=\"2891\">\r\n  <android.widget.FrameLayout index=\"0\" package=\"com.jmo\" class=\"android.widget.FrameLayout\" text=\"\" checkable=\"false\" checked=\"false\" clickable=\"false\" enabled=\"true\" focusable=\"false\" focused=\"false\" long-clickable=\"false\" password=\"false\" scrollable=\"false\" selected=\"false\" bounds=\"[0,0][1440,2891]\" displayed=\"true\">\r\n    <android.widget.LinearLayout index=\"0\" package=\"com.jmo\" class=\"android.widget.LinearLayout\" text=\"\" checkable=\"false\" checked=\"false\" clickable=\"false\" enabled=\"true\" focusable=\"false\" focused=\"false\" long-clickable=\"false\" password=\"false\" scrollable=\"false\" selected=\"false\" bounds=\"[0,0][1440,2891]\" displayed=\"true\">\r\n      <android.widget.FrameLayout index=\"0\" package=\"com.jmo\" class=\"android.widget....
[35m[WD Proxy][39m Replacing sessionId df57e555-096d-4474-b2bf-8c63a887b96a with 93a797f5-5e9e-4658-a1b4-ffa01514fca3
[35m[HTTP][39m [37m<-- GET /wd/hub/session/93a797f5-5e9e-4658-a1b4-ffa01514fca3/source [39m[32m200[39m [90m1823 ms - 8096[39m
[35m[HTTP][39m [90m[39m
[35m[HTTP][39m [37m-->[39m [37mGET[39m [37m/wd/hub/session/93a797f5-5e9e-4658-a1b4-ffa01514fca3/screenshot[39m
[35m[HTTP][39m [90m{}[39m
[debug] [35m[W3C (93a797f5)][39m Calling AppiumDriver.getScreenshot() with args: ["93a797f5-5e9e-4658-a1b4-ffa01514fca3"]
[debug] [35m[WD Proxy][39m Matched '/screenshot' to command name 'getScreenshot'
[debug] [35m[WD Proxy][39m Proxying [GET /screenshot] to [GET http://127.0.0.1:54665/wd/hub/session/df57e555-096d-4474-b2bf-8c63a887b96a/screenshot] with no body
[debug] [35m[WD Proxy][39m Got response with status 200: {"sessionId":"df57e555-096d-4474-b2bf-8c63a887b96a","value":"iVBORw0KGgoAAAANSUhEUgAABaAAAAwwCAYAAAAgXrdYAAAAAXNSR0IArs4c6QAAAARzQklUCAgI\nCHwIZIgAACAASURBVHic7N15nFx3eef7b629761WS2rtsmTJtmRL8oZXjPGCF4yNh8EkA+EmTC65\nkIW53EBuAmSSALkTXpNJyAIZMtwECCSEGGMg4BXLNvIiWba1y9qlbkm97921zR+Piu7qruquPlWn\nTlX35/169cvu6jqnnmpVne7+nuc8P58+fzAhAAAAAAAAAADyKZGQ3+saAAAAAAAAAADzEwE0AAAA\nAAAAAMAVBNAAAAAAAAAAAFcQQAMAAAAAAAAAXEEADQAAAAAAAABwBQE0AAAAAAAAAMAVBNAAAAAA\nAAAAAFcQQAMAAAAAAAAAXEEADQAAAAAAAABwBQE0AAAAAAAAAMAVBNAAAAAAAAAAAFcQQAMAAAAA\nAAAAXEEADQAAAAAAAABwBQE0AAAAAAAAAMAVBNAAAAAAAAAAAFcQQAMAAAAAAAAAXEEADQAAAAAA\nAABwBQE0AAAAAAAAAMAVBNAAAAAAAAAAAFcQQAMAAAAAAAAAXEEADQAAAAAAAABwBQE0AAAAAAAA\nAMAVBNAAAAAAAAAAAFcQQAMAAAAAAAAAXEEADQAAAAAAAABwBQE0AAAAAAAAAMAVBNAAAAAAAAAA\nAFcQQAMAAAAAAAAAXEEADQAAAAAAAABwBQE0AAAAAAAAAMAVBNAAAAAAAAAAAFcQQAMAAAAAAAAA\nXEEADQAAAAAAAABwBQE0AAAAAAAAAMAVBNAAAAAAAAAAAFcQQAMAAAAAAAAAXEEADQAAAAAAAABw\nBQE0AAAAAAAAAMAVBNAAAAAAAAAAAFcQQAMAAAAAAAAAXEEADQAAAAAAAABwBQE0AAAAAAAAAMAV\nBNAAAAAAAAAAAFcQQAMAAAAA...
[debug] [35m[W3C (93a797f5)][39m Responding to client with driver.getScreenshot() result: "iVBORw0KGgoAAAANSUhEUgAABaAAAAwwCAYAAAAgXrdYAAAAAXNSR0IArs4c6QAAAARzQklUCAgI\nCHwIZIgAACAASURBVHic7N15nFx3eef7b629761WS2rtsmTJtmRL8oZXjPGCF4yNh8EkA+EmTC65\nkIW53EBuAmSSALkTXpNJyAIZMtwECCSEGGMg4BXLNvIiWba1y9qlbkm97921zR+Piu7qruquPlWn\nTlX35/169cvu6jqnnmpVne7+nuc8P58+fzAhAAAAAAAAAADyKZGQ3+saAAAAAAAAAADzEwE0AAAA\nAAAAAMAVBNAAAAAAAAAAAFcQQAMAAAAAAAAAXEEADQAAAAAAAABwBQE0AAAAAAAAAMAVBNAAAAAA\nAAAAAFcQQAMAAAAAAAAAXEEADQAAAAAAAABwBQE0AAAAAAAAAMAVBNAAAAAAAAAAAFcQQAMAAAAA\nAAAAXEEADQAAAAAAAABwBQE0AAAAAAAAAMAVBNAAAAAAAAAAAFcQQAMAAAAAAAAAXEEADQAAAAAA\nAABwBQE0AAAAAAAAAMAVBNAAAAAAAAAAAFcQQAMAAAAAAAAAXEEADQAAAAAAAABwBQE0AAAAAAAA\nAMAVBNAAAAAAAAAAAFcQQAMAAAAAAAAAXEEADQAAAAAAAABwBQE0AAAAAAAAAMAVBNAAAAAAAAAA\nAFcQQAMAAAAAAAAAXEEADQAAAAAAAABwBQE0AAAAAAAAAMAVBNAAAAAAAAAAAFcQQAMAAAAAAAAA\nXEEADQAAAAAAAABwBQE0AAAAAAAAAMAVBNAAAAAAAAAAAFcQQAMAAAAAAAAAXEEADQAAAAAAAABw\nBQE0AAAAAAAAAMAVBNAAAAAAAAAAAFcQQAMAAAAAAAAAXEEADQAAAAAAAABwBQE0AAAAAAAAAMAV\nBNAAAAAAAAAAAFcQQAMAAAAAAAAAXEEADQAAAAAAAABwBQE0AAAAAAAAAMAVQa8LAAC4bLRfaj8g\nndkn9b...
[35m[HTTP][39m [37m<-- GET /wd/hub/session/93a797f5-5e9e-4658-a1b4-ffa01514fca3/screenshot [39m[32m200[39m [90m1121 ms - 350418[39m
[35m[HTTP][39m [90m[39m
[35m[HTTP][39m [37m-->[39m [37mGET[39m [37m/wd/hub/session/93a797f5-5e9e-4658-a1b4-ffa01514fca3/source[39m
[35m[HTTP][39m [90m{}[39m
[35m[W3C (93a797f5)][39m Driver proxy active, passing request on via HTTP proxy
[debug] [35m[WD Proxy][39m Matched '/wd/hub/session/93a797f5-5e9e-4658-a1b4-ffa01514fca3/source' to command name 'getPageSource'
[debug] [35m[WD Proxy][39m Proxying [GET /wd/hub/session/93a797f5-5e9e-4658-a1b4-ffa01514fca3/source] to [GET http://127.0.0.1:54665/wd/hub/session/df57e555-096d-4474-b2bf-8c63a887b96a/source] with no body
[debug] [35m[WD Proxy][39m Got response with status 200: {"sessionId":"df57e555-096d-4474-b2bf-8c63a887b96a","value":"<?xml version='1.0' encoding='UTF-8' standalone='yes' ?>\r\n<hierarchy index=\"0\" class=\"hierarchy\" rotation=\"0\" width=\"1440\" height=\"2891\">\r\n  <android.widget.FrameLayout index=\"0\" package=\"com.jmo\" class=\"android.widget.FrameLayout\" text=\"\" checkable=\"false\" checked=\"false\" clickable=\"false\" enabled=\"true\" focusable=\"false\" focused=\"false\" long-clickable=\"false\" password=\"false\" scrollable=\"false\" selected=\"false\" bounds=\"[0,0][1440,2891]\" displayed=\"true\">\r\n    <android.widget.LinearLayout index=\"0\" package=\"com.jmo\" class=\"android.widget.LinearLayout\" text=\"\" checkable=\"false\" checked=\"false\" clickable=\"false\" enabled=\"true\" focusable=\"false\" focused=\"false\" long-clickable=\"false\" password=\"false\" scrollable=\"false\" selected=\"false\" bounds=\"[0,0][1440,2891]\" displayed=\"true\">\r\n      <android.widget.FrameLayout index=\"0\" package=\"com.jmo\" class=\"android.widget....
[35m[WD Proxy][39m Replacing sessionId df57e555-096d-4474-b2bf-8c63a887b96a with 93a797f5-5e9e-4658-a1b4-ffa01514fca3
[35m[HTTP][39m [37m<-- GET /wd/hub/session/93a797f5-5e9e-4658-a1b4-ffa01514fca3/source [39m[32m200[39m [90m77 ms - 8142[39m
[35m[HTTP][39m [90m[39m
[35m[HTTP][39m [37m-->[39m [37mGET[39m [37m/wd/hub/session/93a797f5-5e9e-4658-a1b4-ffa01514fca3/screenshot[39m
[35m[HTTP][39m [90m{}[39m
[debug] [35m[W3C (93a797f5)][39m Calling AppiumDriver.getScreenshot() with args: ["93a797f5-5e9e-4658-a1b4-ffa01514fca3"]
[debug] [35m[WD Proxy][39m Matched '/screenshot' to command name 'getScreenshot'
[debug] [35m[WD Proxy][39m Proxying [GET /screenshot] to [GET http://127.0.0.1:54665/wd/hub/session/df57e555-096d-4474-b2bf-8c63a887b96a/screenshot] with no body
[debug] [35m[WD Proxy][39m Got response with status 200: {"sessionId":"df57e555-096d-4474-b2bf-8c63a887b96a","value":"iVBORw0KGgoAAAANSUhEUgAABaAAAAwwCAYAAAAgXrdYAAAAAXNSR0IArs4c6QAAAARzQklUCAgI\nCHwIZIgAACAASURBVHic7N15eFTl3f/xz0xmsu8hK0mAhEXCvq8igqgsWlEEsVgt7j62alurrVoU\nrW1tfWx/tfrY1qVKFWwroqIICiLKvu9rIAkkkJB9T2b5/UGJDAkkmczJJOH9uq5cl3PPOff5DiZD\n+Mx9vrfp0VFJTgEAAAAAAAAA4GFmbxcAAAAAAAAAAOiYCKABAAAAAAAAAIYggAYAAAAAAAAAGIIA\nGgAAAAAAAABgCAJoAAAAAAAAAIAhCKABAAAAAAAAAIYggAYAAAAAAAAAGIIAGgAAAAAAAABgCAJo\nAAAAAAAAAIAhCKABAAAAAAAAAIYggAYAAAAAAAAAGIIAGgAAAAAAAABgCAJoAAAAAAAAAIAhCKAB\nAAAAAAAAAIYggAYAAAAAAAAAGIIAGgAAAAAAAABgCAJoAAAAAAAAAIAhCKABAAAAAAAAAIYggAYA\nAAAAAAAAGIIAGgAAAAAAAABgCAJoAAAAAAAAAIAhCKABAAAAAAAAAIYggAYAAAAAAAAAGIIAGgAA\nAAAAAABgCAJoAAAAAAAAAIAhCKABAAAAAAAAAIYggAYAAAAAAAAAGIIAGgAAAAAAAABgCAJoAAAA\nAAAAAIAhCKABAAAAAAAAAIYggAYAAAAAAAAAGIIAGgAAAAAAAABgCAJoAAAAAAAAAIAhCKABAAAA\nAAAAAIYggAYAAAAAAAAAGIIAGgAAAAAAAABgCAJoAAAAAAAAAIAhCKABAAAAAAAAAIYggAYAAAAA\nAAAAGIIAGgAAAAAAAABgCAJoAAAAAAAAAIAhCKABAAAAAAAAAIYggAYAAAAAAAAAGIIAGgAAAAAA\nAABgCAJoAAAAAAAAAIAhCKAB...
[debug] [35m[W3C (93a797f5)][39m Responding to client with driver.getScreenshot() result: "iVBORw0KGgoAAAANSUhEUgAABaAAAAwwCAYAAAAgXrdYAAAAAXNSR0IArs4c6QAAAARzQklUCAgI\nCHwIZIgAACAASURBVHic7N15eFTl3f/xz0xmsu8hK0mAhEXCvq8igqgsWlEEsVgt7j62alurrVoU\nrW1tfWx/tfrY1qVKFWwroqIICiLKvu9rIAkkkJB9T2b5/UGJDAkkmczJJOH9uq5cl3PPOff5DiZD\n+Mx9vrfp0VFJTgEAAAAAAAAA4GFmbxcAAAAAAAAAAOiYCKABAAAAAAAAAIYggAYAAAAAAAAAGIIA\nGgAAAAAAAABgCAJoAAAAAAAAAIAhCKABAAAAAAAAAIYggAYAAAAAAAAAGIIAGgAAAAAAAABgCAJo\nAAAAAAAAAIAhCKABAAAAAAAAAIYggAYAAAAAAAAAGIIAGgAAAAAAAABgCAJoAAAAAAAAAIAhCKAB\nAAAAAAAAAIYggAYAAAAAAAAAGIIAGgAAAAAAAABgCAJoAAAAAAAAAIAhCKABAAAAAAAAAIYggAYA\nAAAAAAAAGIIAGgAAAAAAAABgCAJoAAAAAAAAAIAhCKABAAAAAAAAAIYggAYAAAAAAAAAGIIAGgAA\nAAAAAABgCAJoAAAAAAAAAIAhCKABAAAAAAAAAIYggAYAAAAAAAAAGIIAGgAAAAAAAABgCAJoAAAA\nAAAAAIAhCKABAAAAAAAAAIYggAYAAAAAAAAAGIIAGgAAAAAAAABgCAJoAAAAAAAAAIAhCKABAAAA\nAAAAAIYggAYAAAAAAAAAGIIAGgAAAAAAAABgCAJoAAAAAAAAAIAhCKABAAAAAAAAAIYggAYAAAAA\nAAAAGIIAGgAAAAAAAABgCAJoAAAAAAAAAIAhCKABAAAAAAAAAIYggAYAAAAAAAAAGIIAGgAAAAAA\nAABgCAJoAAAAAAAAAIAhCKABAAAAAAAAAIaweLsAAIBxTCaTQjvFKm3sJPWbMEUJ3dMUEBouOZ2S\nyXTmIK...
[35m[HTTP][39m [37m<-- GET /wd/hub/session/93a797f5-5e9e-4658-a1b4-ffa01514fca3/screenshot [39m[32m200[39m [90m859 ms - 344322[39m
[35m[HTTP][39m [90m[39m
[35m[HTTP][39m [37m-->[39m [37mPOST[39m [37m/wd/hub/session/93a797f5-5e9e-4658-a1b4-ffa01514fca3/elements[39m
[35m[HTTP][39m [90m{"using":"xpath","value":"//*[@class = 'android.widget.EditText' and @resource-id = '' and (@text = '' or . = '')]"}[39m
[debug] [35m[W3C (93a797f5)][39m Calling AppiumDriver.findElements() with args: ["xpath","//*[@class = 'android.widget.EditText' and @resource-id = '' and (@text = '' or . = '')]","93a797f5-5e9e-4658-a1b4-ffa01514fca3"]
[debug] [35m[BaseDriver][39m Valid locator strategies for this request: xpath, id, class name, accessibility id, css selector, -android uiautomator
[debug] [35m[BaseDriver][39m Waiting up to 60000 ms for condition
[debug] [35m[WD Proxy][39m Matched '/elements' to command name 'findElements'
[debug] [35m[WD Proxy][39m Proxying [POST /elements] to [POST http://127.0.0.1:54665/wd/hub/session/df57e555-096d-4474-b2bf-8c63a887b96a/elements] with body: {"strategy":"xpath","selector":"//*[@class = 'android.widget.EditText' and @resource-id = '' and (@text = '' or . = '')]","context":"","multiple":true}
[debug] [35m[WD Proxy][39m Got response with status 200: {"sessionId":"df57e555-096d-4474-b2bf-8c63a887b96a","value":[{"ELEMENT":"72ef71bd-73e2-4dd6-a139-bb8b98555adf","element-6066-11e4-a52e-4f735466cecf":"72ef71bd-73e2-4dd6-a139-bb8b98555adf"},{"ELEMENT":"0dcbdc0f-4443-457a-a971-17b9f88d8c6a","element-6066-11e4-a52e-4f735466cecf":"0dcbdc0f-4443-457a-a971-17b9f88d8c6a"},{"ELEMENT":"764fe1c7-2d2a-4dce-9b58-6051486d8659","element-6066-11e4-a52e-4f735466cecf":"764fe1c7-2d2a-4dce-9b58-6051486d8659"}]}
[debug] [35m[W3C (93a797f5)][39m Responding to client with driver.findElements() result: [{"element-6066-11e4-a52e-4f735466cecf":"72ef71bd-73e2-4dd6-a139-bb8b98555adf","ELEMENT":"72ef71bd-73e2-4dd6-a139-bb8b98555adf"},{"element-6066-11e4-a52e-4f735466cecf":"0dcbdc0f-4443-457a-a971-17b9f88d8c6a","ELEMENT":"0dcbdc0f-4443-457a-a971-17b9f88d8c6a"},{"element-6066-11e4-a52e-4f735466cecf":"764fe1c7-2d2a-4dce-9b58-6051486d8659","ELEMENT":"764fe1c7-2d2a-4dce-9b58-6051486d8659"}]
[35m[HTTP][39m [37m<-- POST /wd/hub/session/93a797f5-5e9e-4658-a1b4-ffa01514fca3/elements [39m[32m200[39m [90m668 ms - 395[39m
[35m[HTTP][39m [90m[39m
[35m[HTTP][39m [37m-->[39m [37mPOST[39m [37m/wd/hub/session/93a797f5-5e9e-4658-a1b4-ffa01514fca3/elements[39m
[35m[HTTP][39m [90m{"using":"-android uiautomator","value":"new UiSelector().className(\"android.widget.EditText\").resourceId(\"\")"}[39m
[debug] [35m[W3C (93a797f5)][39m Calling AppiumDriver.findElements() with args: ["-android uiautomator","new UiSelector().className(\"android.widget.EditText\").resourceId(\"\")","93a797f5-5e9e-4658-a1b4-ffa01514fca3"]
[debug] [35m[BaseDriver][39m Valid locator strategies for this request: xpath, id, class name, accessibility id, css selector, -android uiautomator
[debug] [35m[BaseDriver][39m Waiting up to 60000 ms for condition
[debug] [35m[WD Proxy][39m Matched '/elements' to command name 'findElements'
[debug] [35m[WD Proxy][39m Proxying [POST /elements] to [POST http://127.0.0.1:54665/wd/hub/session/df57e555-096d-4474-b2bf-8c63a887b96a/elements] with body: {"strategy":"-android uiautomator","selector":"new UiSelector().className(\"android.widget.EditText\").resourceId(\"\")","context":"","multiple":true}
[debug] [35m[WD Proxy][39m Got response with status 200: {"sessionId":"df57e555-096d-4474-b2bf-8c63a887b96a","value":[{"ELEMENT":"1304d221-0681-46d3-a19d-0497598f7cca","element-6066-11e4-a52e-4f735466cecf":"1304d221-0681-46d3-a19d-0497598f7cca"},{"ELEMENT":"dadf3995-ac6d-404e-abbe-a1c6b75b891a","element-6066-11e4-a52e-4f735466cecf":"dadf3995-ac6d-404e-abbe-a1c6b75b891a"},{"ELEMENT":"49bdb664-1e04-45a4-8212-6ed5fb328c4f","element-6066-11e4-a52e-4f735466cecf":"49bdb664-1e04-45a4-8212-6ed5fb328c4f"}]}
[debug] [35m[W3C (93a797f5)][39m Responding to client with driver.findElements() result: [{"element-6066-11e4-a52e-4f735466cecf":"1304d221-0681-46d3-a19d-0497598f7cca","ELEMENT":"1304d221-0681-46d3-a19d-0497598f7cca"},{"element-6066-11e4-a52e-4f735466cecf":"dadf3995-ac6d-404e-abbe-a1c6b75b891a","ELEMENT":"dadf3995-ac6d-404e-abbe-a1c6b75b891a"},{"element-6066-11e4-a52e-4f735466cecf":"49bdb664-1e04-45a4-8212-6ed5fb328c4f","ELEMENT":"49bdb664-1e04-45a4-8212-6ed5fb328c4f"}]
[35m[HTTP][39m [37m<-- POST /wd/hub/session/93a797f5-5e9e-4658-a1b4-ffa01514fca3/elements [39m[32m200[39m [90m69 ms - 395[39m
[35m[HTTP][39m [90m[39m
[35m[HTTP][39m [37m-->[39m [37mGET[39m [37m/wd/hub/session/93a797f5-5e9e-4658-a1b4-ffa01514fca3/source[39m
[35m[HTTP][39m [90m{}[39m
[35m[W3C (93a797f5)][39m Driver proxy active, passing request on via HTTP proxy
[debug] [35m[WD Proxy][39m Matched '/wd/hub/session/93a797f5-5e9e-4658-a1b4-ffa01514fca3/source' to command name 'getPageSource'
[debug] [35m[WD Proxy][39m Proxying [GET /wd/hub/session/93a797f5-5e9e-4658-a1b4-ffa01514fca3/source] to [GET http://127.0.0.1:54665/wd/hub/session/df57e555-096d-4474-b2bf-8c63a887b96a/source] with no body
[debug] [35m[WD Proxy][39m Got response with status 200: {"sessionId":"df57e555-096d-4474-b2bf-8c63a887b96a","value":"<?xml version='1.0' encoding='UTF-8' standalone='yes' ?>\r\n<hierarchy index=\"0\" class=\"hierarchy\" rotation=\"0\" width=\"1440\" height=\"2891\">\r\n  <android.widget.FrameLayout index=\"0\" package=\"com.jmo\" class=\"android.widget.FrameLayout\" text=\"\" checkable=\"false\" checked=\"false\" clickable=\"false\" enabled=\"true\" focusable=\"false\" focused=\"false\" long-clickable=\"false\" password=\"false\" scrollable=\"false\" selected=\"false\" bounds=\"[0,0][1440,2891]\" displayed=\"true\">\r\n    <android.widget.LinearLayout index=\"0\" package=\"com.jmo\" class=\"android.widget.LinearLayout\" text=\"\" checkable=\"false\" checked=\"false\" clickable=\"false\" enabled=\"true\" focusable=\"false\" focused=\"false\" long-clickable=\"false\" password=\"false\" scrollable=\"false\" selected=\"false\" bounds=\"[0,0][1440,2891]\" displayed=\"true\">\r\n      <android.widget.FrameLayout index=\"0\" package=\"com.jmo\" class=\"android.widget....
[35m[WD Proxy][39m Replacing sessionId df57e555-096d-4474-b2bf-8c63a887b96a with 93a797f5-5e9e-4658-a1b4-ffa01514fca3
[35m[HTTP][39m [37m<-- GET /wd/hub/session/93a797f5-5e9e-4658-a1b4-ffa01514fca3/source [39m[32m200[39m [90m73 ms - 8138[39m
[35m[HTTP][39m [90m[39m
[35m[HTTP][39m [37m-->[39m [37mGET[39m [37m/wd/hub/session/93a797f5-5e9e-4658-a1b4-ffa01514fca3/screenshot[39m
[35m[HTTP][39m [90m{}[39m
[debug] [35m[W3C (93a797f5)][39m Calling AppiumDriver.getScreenshot() with args: ["93a797f5-5e9e-4658-a1b4-ffa01514fca3"]
[debug] [35m[WD Proxy][39m Matched '/screenshot' to command name 'getScreenshot'
[debug] [35m[WD Proxy][39m Proxying [GET /screenshot] to [GET http://127.0.0.1:54665/wd/hub/session/df57e555-096d-4474-b2bf-8c63a887b96a/screenshot] with no body
[debug] [35m[WD Proxy][39m Got response with status 200: {"sessionId":"df57e555-096d-4474-b2bf-8c63a887b96a","value":"iVBORw0KGgoAAAANSUhEUgAABaAAAAwwCAYAAAAgXrdYAAAAAXNSR0IArs4c6QAAAARzQklUCAgI\nCHwIZIgAACAASURBVHic7N1neFRl3sfx30wmvSekQgIkBCT03hG7AhYUQRR7WfXRtayurqgolnV1\nXXefdfVxXSusgqtSFERQEFF67x2SQAIJ6T2Z8rxgiQwJJJnMyST4/VyXL+aec+7zH0xC+J37/G/T\n40MSHAIAAAAAAAAAwM3Mni4AAAAAAAAAAHBuIoAGAAAAAAAAABiCABoAAAAAAAAAYAgCaAAAAAAA\nAACAIQigAQAAAAAAAACGIIAGAAAAAAAAABiCABoAAAAAAAAAYAgCaAAAAAAAAACAIQigAQAAAAAA\nAACGIIAGAAAAAAAAABiCABoAAAAAAAAAYAgCaAAAAAAAAACAIQigAQAAAAAAAACGIIAGAAAAAAAA\nABiCABoAAAAAAAAAYAgCaAAAAAAAAACAIQigAQAAAAAAAACGIIAGAAAAAAAAABiCABoAAAAAAAAA\nYAgCaAAAAAAAAACAIQigAQAAAAAAAACGIIAGAAAAAAAAABiCABoAAAAAAAAAYAgCaAAAAAAAAACA\nIQigAQAAAAAAAACGIIAGAAAAAAAAABiCABoAAAAAAAAAYAgCaAAAAAAAAACAIQigAQAAAAAAAACG\nIIAGAAAAAAAAABiCABoAAAAAAAAAYAgCaAAAAAAAAACAIQigAQAAAAAAAACGIIAGAAAAAAAAABiC\nABoAAAAAAAAAYAgCaAAAAAAAAACAIQigAQAAAAAAAACGIIAGAAAAAAAAABiCABoAAAAAAAAAYAgC\naAAAAAAAAACAIQigAQAAAAAAAACGIIAGAAAAAAAAABiCABoAAAAAAAAAYAgCaAAAAAAAAACAIQig\nAQAAAAAAAACGIIAGAAAAAAAA...
[debug] [35m[W3C (93a797f5)][39m Responding to client with driver.getScreenshot() result: "iVBORw0KGgoAAAANSUhEUgAABaAAAAwwCAYAAAAgXrdYAAAAAXNSR0IArs4c6QAAAARzQklUCAgI\nCHwIZIgAACAASURBVHic7N1neFRl3sfx30wmvSekQgIkBCT03hG7AhYUQRR7WfXRtayurqgolnV1\nXXefdfVxXSusgqtSFERQEFF67x2SQAIJ6T2Z8rxgiQwJJJnMyST4/VyXL+aec+7zH0xC+J37/G/T\n40MSHAIAAAAAAAAAwM3Mni4AAAAAAAAAAHBuIoAGAAAAAAAAABiCABoAAAAAAAAAYAgCaAAAAAAA\nAACAIQigAQAAAAAAAACGIIAGAAAAAAAAABiCABoAAAAAAAAAYAgCaAAAAAAAAACAIQigAQAAAAAA\nAACGIIAGAAAAAAAAABiCABoAAAAAAAAAYAgCaAAAAAAAAACAIQigAQAAAAAAAACGIIAGAAAAAAAA\nABiCABoAAAAAAAAAYAgCaAAAAAAAAACAIQigAQAAAAAAAACGIIAGAAAAAAAAABiCABoAAAAAAAAA\nYAgCaAAAAAAAAACAIQigAQAAAAAAAACGIIAGAAAAAAAAABiCABoAAAAAAAAAYAgCaAAAAAAAAACA\nIQigAQAAAAAAAACGIIAGAAAAAAAAABiCABoAAAAAAAAAYAgCaAAAAAAAAACAIQigAQAAAAAAAACG\nIIAGAAAAAAAAABiCABoAAAAAAAAAYAgCaAAAAAAAAACAIQigAQAAAAAAAACGIIAGAAAAAAAAABiC\nABoAAAAAAAAAYAgCaAAAAAAAAACAIQigAQAAAAAAAACGIIAGAAAAAAAAABiCABoAAAAAAAAAYAgC\naAAAAAAAAACAIQigAQAAAAAAAACGIIAGAAAAAAAAABiCABoAAAAAAAAAYAgCaAAAAAAAAACAIQig\nAQAAAAAAAACGIIAGAAAAAAAAABjC4ukCAADGMZlMCmkTo9Thl6jHhaMV3ylV/iFhksMhmUwnDnI4\nao4vzD...
[35m[HTTP][39m [37m<-- GET /wd/hub/session/93a797f5-5e9e-4658-a1b4-ffa01514fca3/screenshot [39m[32m200[39m [90m840 ms - 350122[39m
[35m[HTTP][39m [90m[39m
[35m[HTTP][39m [37m-->[39m [37mPOST[39m [37m/wd/hub/session/93a797f5-5e9e-4658-a1b4-ffa01514fca3/elements[39m
[35m[HTTP][39m [90m{"using":"xpath","value":"//*[@class = 'android.widget.EditText' and @resource-id = '' and (@text = '' or . = '')]"}[39m
[debug] [35m[W3C (93a797f5)][39m Calling AppiumDriver.findElements() with args: ["xpath","//*[@class = 'android.widget.EditText' and @resource-id = '' and (@text = '' or . = '')]","93a797f5-5e9e-4658-a1b4-ffa01514fca3"]
[debug] [35m[BaseDriver][39m Valid locator strategies for this request: xpath, id, class name, accessibility id, css selector, -android uiautomator
[debug] [35m[BaseDriver][39m Waiting up to 60000 ms for condition
[debug] [35m[WD Proxy][39m Matched '/elements' to command name 'findElements'
[debug] [35m[WD Proxy][39m Proxying [POST /elements] to [POST http://127.0.0.1:54665/wd/hub/session/df57e555-096d-4474-b2bf-8c63a887b96a/elements] with body: {"strategy":"xpath","selector":"//*[@class = 'android.widget.EditText' and @resource-id = '' and (@text = '' or . = '')]","context":"","multiple":true}
[debug] [35m[WD Proxy][39m Got response with status 200: {"sessionId":"df57e555-096d-4474-b2bf-8c63a887b96a","value":[{"ELEMENT":"2644d5d1-cf51-4579-b040-6c8b8fa679cd","element-6066-11e4-a52e-4f735466cecf":"2644d5d1-cf51-4579-b040-6c8b8fa679cd"},{"ELEMENT":"8d0ea0a1-2b2d-436a-a14e-77168188fb9c","element-6066-11e4-a52e-4f735466cecf":"8d0ea0a1-2b2d-436a-a14e-77168188fb9c"},{"ELEMENT":"cd61a606-ce85-4692-80c0-f22074c9005b","element-6066-11e4-a52e-4f735466cecf":"cd61a606-ce85-4692-80c0-f22074c9005b"}]}
[debug] [35m[W3C (93a797f5)][39m Responding to client with driver.findElements() result: [{"element-6066-11e4-a52e-4f735466cecf":"2644d5d1-cf51-4579-b040-6c8b8fa679cd","ELEMENT":"2644d5d1-cf51-4579-b040-6c8b8fa679cd"},{"element-6066-11e4-a52e-4f735466cecf":"8d0ea0a1-2b2d-436a-a14e-77168188fb9c","ELEMENT":"8d0ea0a1-2b2d-436a-a14e-77168188fb9c"},{"element-6066-11e4-a52e-4f735466cecf":"cd61a606-ce85-4692-80c0-f22074c9005b","ELEMENT":"cd61a606-ce85-4692-80c0-f22074c9005b"}]
[35m[HTTP][39m [37m<-- POST /wd/hub/session/93a797f5-5e9e-4658-a1b4-ffa01514fca3/elements [39m[32m200[39m [90m67 ms - 395[39m
[35m[HTTP][39m [90m[39m
[35m[HTTP][39m [37m-->[39m [37mPOST[39m [37m/wd/hub/session/93a797f5-5e9e-4658-a1b4-ffa01514fca3/elements[39m
[35m[HTTP][39m [90m{"using":"-android uiautomator","value":"new UiSelector().className(\"android.widget.EditText\").resourceId(\"\")"}[39m
[debug] [35m[W3C (93a797f5)][39m Calling AppiumDriver.findElements() with args: ["-android uiautomator","new UiSelector().className(\"android.widget.EditText\").resourceId(\"\")","93a797f5-5e9e-4658-a1b4-ffa01514fca3"]
[debug] [35m[BaseDriver][39m Valid locator strategies for this request: xpath, id, class name, accessibility id, css selector, -android uiautomator
[debug] [35m[BaseDriver][39m Waiting up to 60000 ms for condition
[debug] [35m[WD Proxy][39m Matched '/elements' to command name 'findElements'
[debug] [35m[WD Proxy][39m Proxying [POST /elements] to [POST http://127.0.0.1:54665/wd/hub/session/df57e555-096d-4474-b2bf-8c63a887b96a/elements] with body: {"strategy":"-android uiautomator","selector":"new UiSelector().className(\"android.widget.EditText\").resourceId(\"\")","context":"","multiple":true}
[debug] [35m[WD Proxy][39m Got response with status 200: {"sessionId":"df57e555-096d-4474-b2bf-8c63a887b96a","value":[{"ELEMENT":"6e7ea2c7-4bc6-4cfc-8116-2115575a82be","element-6066-11e4-a52e-4f735466cecf":"6e7ea2c7-4bc6-4cfc-8116-2115575a82be"},{"ELEMENT":"b72db830-98cb-4f8c-a610-9a12be041218","element-6066-11e4-a52e-4f735466cecf":"b72db830-98cb-4f8c-a610-9a12be041218"},{"ELEMENT":"e5384920-2c93-4b88-8ffc-530e08ee497d","element-6066-11e4-a52e-4f735466cecf":"e5384920-2c93-4b88-8ffc-530e08ee497d"}]}
[debug] [35m[W3C (93a797f5)][39m Responding to client with driver.findElements() result: [{"element-6066-11e4-a52e-4f735466cecf":"6e7ea2c7-4bc6-4cfc-8116-2115575a82be","ELEMENT":"6e7ea2c7-4bc6-4cfc-8116-2115575a82be"},{"element-6066-11e4-a52e-4f735466cecf":"b72db830-98cb-4f8c-a610-9a12be041218","ELEMENT":"b72db830-98cb-4f8c-a610-9a12be041218"},{"element-6066-11e4-a52e-4f735466cecf":"e5384920-2c93-4b88-8ffc-530e08ee497d","ELEMENT":"e5384920-2c93-4b88-8ffc-530e08ee497d"}]
[35m[HTTP][39m [37m<-- POST /wd/hub/session/93a797f5-5e9e-4658-a1b4-ffa01514fca3/elements [39m[32m200[39m [90m54 ms - 395[39m
[35m[HTTP][39m [90m[39m
[35m[HTTP][39m [37m-->[39m [37mGET[39m [37m/wd/hub/session/93a797f5-5e9e-4658-a1b4-ffa01514fca3/source[39m
[35m[HTTP][39m [90m{}[39m
[35m[W3C (93a797f5)][39m Driver proxy active, passing request on via HTTP proxy
[debug] [35m[WD Proxy][39m Matched '/wd/hub/session/93a797f5-5e9e-4658-a1b4-ffa01514fca3/source' to command name 'getPageSource'
[debug] [35m[WD Proxy][39m Proxying [GET /wd/hub/session/93a797f5-5e9e-4658-a1b4-ffa01514fca3/source] to [GET http://127.0.0.1:54665/wd/hub/session/df57e555-096d-4474-b2bf-8c63a887b96a/source] with no body
[debug] [35m[WD Proxy][39m Got response with status 200: {"sessionId":"df57e555-096d-4474-b2bf-8c63a887b96a","value":"<?xml version='1.0' encoding='UTF-8' standalone='yes' ?>\r\n<hierarchy index=\"0\" class=\"hierarchy\" rotation=\"0\" width=\"1440\" height=\"2891\">\r\n  <android.widget.FrameLayout index=\"0\" package=\"com.jmo\" class=\"android.widget.FrameLayout\" text=\"\" checkable=\"false\" checked=\"false\" clickable=\"false\" enabled=\"true\" focusable=\"false\" focused=\"false\" long-clickable=\"false\" password=\"false\" scrollable=\"false\" selected=\"false\" bounds=\"[0,0][1440,2891]\" displayed=\"true\">\r\n    <android.widget.LinearLayout index=\"0\" package=\"com.jmo\" class=\"android.widget.LinearLayout\" text=\"\" checkable=\"false\" checked=\"false\" clickable=\"false\" enabled=\"true\" focusable=\"false\" focused=\"false\" long-clickable=\"false\" password=\"false\" scrollable=\"false\" selected=\"false\" bounds=\"[0,0][1440,2891]\" displayed=\"true\">\r\n      <android.widget.FrameLayout index=\"0\" package=\"com.jmo\" class=\"android.widget....
[35m[WD Proxy][39m Replacing sessionId df57e555-096d-4474-b2bf-8c63a887b96a with 93a797f5-5e9e-4658-a1b4-ffa01514fca3
[35m[HTTP][39m [37m<-- GET /wd/hub/session/93a797f5-5e9e-4658-a1b4-ffa01514fca3/source [39m[32m200[39m [90m70 ms - 8181[39m
[35m[HTTP][39m [90m[39m
[35m[HTTP][39m [37m-->[39m [37mGET[39m [37m/wd/hub/session/93a797f5-5e9e-4658-a1b4-ffa01514fca3/screenshot[39m
[35m[HTTP][39m [90m{}[39m
[debug] [35m[W3C (93a797f5)][39m Calling AppiumDriver.getScreenshot() with args: ["93a797f5-5e9e-4658-a1b4-ffa01514fca3"]
[debug] [35m[WD Proxy][39m Matched '/screenshot' to command name 'getScreenshot'
[debug] [35m[WD Proxy][39m Proxying [GET /screenshot] to [GET http://127.0.0.1:54665/wd/hub/session/df57e555-096d-4474-b2bf-8c63a887b96a/screenshot] with no body
[debug] [35m[WD Proxy][39m Got response with status 200: {"sessionId":"df57e555-096d-4474-b2bf-8c63a887b96a","value":"iVBORw0KGgoAAAANSUhEUgAABaAAAAwwCAYAAAAgXrdYAAAAAXNSR0IArs4c6QAAAARzQklUCAgI\nCHwIZIgAACAASURBVHic7N13eFRl3v/xz7T0HlJJAiQUCTX0LoqAgl0EdW2LZdXVVXd11VXXhm5R\nn9396erjs3ZZRVfFhigqqCi99xpIQhJISO9lZn5/sESGJCSZzMkk+H5dF9fl3HPOub8TMyF85j7f\n23Tv2ESnAAAAAAAAAADwMLO3CwAAAAAAAAAAnJ4IoAEAAAAAAAAAhiCABgAAAAAAAAAYggAaAAAA\nAAAAAGAIAmgAAAAAAAAAgCEIoAEAAAAAAAAAhiCABgAAAAAAAAAYggAaAAAAAAAAAGAIAmgAAAAA\nAAAAgCEIoAEAAAAAAAAAhiCABgAAAAAAAAAYggAaAAAAAAAAAGAIAmgAAAAAAAAAgCEIoAEAAAAA\nAAAAhiCABgAAAAAAAAAYggAaAAAAAAAAAGAIAmgAAAAAAAAAgCEIoAEAAAAAAAAAhiCABgAAAAAA\nAAAYggAaAAAAAAAAAGAIAmgAAAAAAAAAgCEIoAEAAAAAAAAAhiCABgAAAAAAAAAYggAaAAAAAAAA\nAGAIAmgAAAAAAAAAgCEIoAEAAAAAAAAAhiCABgAAAAAAAAAYggAaAAAAAAAAAGAIAmgAAAAAAAAA\ngCEIoAEAAAAAAAAAhiCABgAAAAAAAAAYggAaAAAAAAAAAGAIAmgAAAAAAAAAgCEIoAEAAAAAAAAA\nhiCABgAAAAAAAAAYggAaAAAAAAAAAGAIAmgAAAAAAAAAgCEIoAEAAAAAAAAAhiCABgAAAAAAAAAY\nggAaAAAAAAAAAGAIAmgAAAAAAAAAgCEIoAEAAAAAAAAAhiCABgAAAAAAAAAYggAaAAAAAAAAAGAI\nAmgAAAAAAAAAgCEIoAEAAAAA...
[debug] [35m[W3C (93a797f5)][39m Responding to client with driver.getScreenshot() result: "iVBORw0KGgoAAAANSUhEUgAABaAAAAwwCAYAAAAgXrdYAAAAAXNSR0IArs4c6QAAAARzQklUCAgI\nCHwIZIgAACAASURBVHic7N13eFRl3v/xz7T0HlJJAiQUCTX0LoqAgl0EdW2LZdXVVXd11VXXhm5R\nn9396erjs3ZZRVfFhigqqCi99xpIQhJISO9lZn5/sESGJCSZzMkk+H5dF9fl3HPOub8TMyF85j7f\n23Tv2ESnAAAAAAAAAADwMLO3CwAAAAAAAAAAnJ4IoAEAAAAAAAAAhiCABgAAAAAAAAAYggAaAAAA\nAAAAAGAIAmgAAAAAAAAAgCEIoAEAAAAAAAAAhiCABgAAAAAAAAAYggAaAAAAAAAAAGAIAmgAAAAA\nAAAAgCEIoAEAAAAAAAAAhiCABgAAAAAAAAAYggAaAAAAAAAAAGAIAmgAAAAAAAAAgCEIoAEAAAAA\nAAAAhiCABgAAAAAAAAAYggAaAAAAAAAAAGAIAmgAAAAAAAAAgCEIoAEAAAAAAAAAhiCABgAAAAAA\nAAAYggAaAAAAAAAAAGAIAmgAAAAAAAAAgCEIoAEAAAAAAAAAhiCABgAAAAAAAAAYggAaAAAAAAAA\nAGAIAmgAAAAAAAAAgCEIoAEAAAAAAAAAhiCABgAAAAAAAAAYggAaAAAAAAAAAGAIAmgAAAAAAAAA\ngCEIoAEAAAAAAAAAhiCABgAAAAAAAAAYggAaAAAAAAAAAGAIAmgAAAAAAAAAgCEIoAEAAAAAAAAA\nhiCABgAAAAAAAAAYggAaAAAAAAAAAGAIAmgAAAAAAAAAgCEIoAEAAAAAAAAAhiCABgAAAAAAAAAY\nggAaAAAAAAAAAGAIAmgAAAAAAAAAgCEIoAEAAAAAAAAAhiCABgAAAAAAAAAYggAaAAAAAAAAAGAI\nAmgAAAAAAAAAgCEIoAEAAAAAAAAAhrB6uwAAgHFMJpNCusUodcJUDTp7huJ7p8o/JExyOiWT6dhB\nTmfD8S...
[35m[HTTP][39m [37m<-- GET /wd/hub/session/93a797f5-5e9e-4658-a1b4-ffa01514fca3/screenshot [39m[32m200[39m [90m897 ms - 362590[39m
[35m[HTTP][39m [90m[39m
[35m[HTTP][39m [37m-->[39m [37mPOST[39m [37m/wd/hub/session/93a797f5-5e9e-4658-a1b4-ffa01514fca3/elements[39m
[35m[HTTP][39m [90m{"using":"xpath","value":"//*[@class = 'android.widget.EditText' and @resource-id = '' and (@text = '' or . = '')]"}[39m
[debug] [35m[W3C (93a797f5)][39m Calling AppiumDriver.findElements() with args: ["xpath","//*[@class = 'android.widget.EditText' and @resource-id = '' and (@text = '' or . = '')]","93a797f5-5e9e-4658-a1b4-ffa01514fca3"]
[debug] [35m[BaseDriver][39m Valid locator strategies for this request: xpath, id, class name, accessibility id, css selector, -android uiautomator
[debug] [35m[BaseDriver][39m Waiting up to 60000 ms for condition
[debug] [35m[WD Proxy][39m Matched '/elements' to command name 'findElements'
[debug] [35m[WD Proxy][39m Proxying [POST /elements] to [POST http://127.0.0.1:54665/wd/hub/session/df57e555-096d-4474-b2bf-8c63a887b96a/elements] with body: {"strategy":"xpath","selector":"//*[@class = 'android.widget.EditText' and @resource-id = '' and (@text = '' or . = '')]","context":"","multiple":true}
[debug] [35m[WD Proxy][39m Got response with status 200: {"sessionId":"df57e555-096d-4474-b2bf-8c63a887b96a","value":[{"ELEMENT":"48dd8326-1d06-46ef-b5e2-5c028243ba35","element-6066-11e4-a52e-4f735466cecf":"48dd8326-1d06-46ef-b5e2-5c028243ba35"},{"ELEMENT":"5772ea32-bb3e-464b-a0ce-95fd19d34c09","element-6066-11e4-a52e-4f735466cecf":"5772ea32-bb3e-464b-a0ce-95fd19d34c09"},{"ELEMENT":"37b33986-8603-4e52-9938-8e3d2c194ac3","element-6066-11e4-a52e-4f735466cecf":"37b33986-8603-4e52-9938-8e3d2c194ac3"}]}
[debug] [35m[W3C (93a797f5)][39m Responding to client with driver.findElements() result: [{"element-6066-11e4-a52e-4f735466cecf":"48dd8326-1d06-46ef-b5e2-5c028243ba35","ELEMENT":"48dd8326-1d06-46ef-b5e2-5c028243ba35"},{"element-6066-11e4-a52e-4f735466cecf":"5772ea32-bb3e-464b-a0ce-95fd19d34c09","ELEMENT":"5772ea32-bb3e-464b-a0ce-95fd19d34c09"},{"element-6066-11e4-a52e-4f735466cecf":"37b33986-8603-4e52-9938-8e3d2c194ac3","ELEMENT":"37b33986-8603-4e52-9938-8e3d2c194ac3"}]
[35m[HTTP][39m [37m<-- POST /wd/hub/session/93a797f5-5e9e-4658-a1b4-ffa01514fca3/elements [39m[32m200[39m [90m64 ms - 395[39m
[35m[HTTP][39m [90m[39m
[35m[HTTP][39m [37m-->[39m [37mPOST[39m [37m/wd/hub/session/93a797f5-5e9e-4658-a1b4-ffa01514fca3/elements[39m
[35m[HTTP][39m [90m{"using":"-android uiautomator","value":"new UiSelector().className(\"android.widget.EditText\").resourceId(\"\")"}[39m
[debug] [35m[W3C (93a797f5)][39m Calling AppiumDriver.findElements() with args: ["-android uiautomator","new UiSelector().className(\"android.widget.EditText\").resourceId(\"\")","93a797f5-5e9e-4658-a1b4-ffa01514fca3"]
[debug] [35m[BaseDriver][39m Valid locator strategies for this request: xpath, id, class name, accessibility id, css selector, -android uiautomator
[debug] [35m[BaseDriver][39m Waiting up to 60000 ms for condition
[debug] [35m[WD Proxy][39m Matched '/elements' to command name 'findElements'
[debug] [35m[WD Proxy][39m Proxying [POST /elements] to [POST http://127.0.0.1:54665/wd/hub/session/df57e555-096d-4474-b2bf-8c63a887b96a/elements] with body: {"strategy":"-android uiautomator","selector":"new UiSelector().className(\"android.widget.EditText\").resourceId(\"\")","context":"","multiple":true}
[debug] [35m[WD Proxy][39m Got response with status 200: {"sessionId":"df57e555-096d-4474-b2bf-8c63a887b96a","value":[{"ELEMENT":"30086366-8bc6-4e32-b682-e02c31d453ef","element-6066-11e4-a52e-4f735466cecf":"30086366-8bc6-4e32-b682-e02c31d453ef"},{"ELEMENT":"07d0fc9b-db56-4095-abad-85c5d8f46ceb","element-6066-11e4-a52e-4f735466cecf":"07d0fc9b-db56-4095-abad-85c5d8f46ceb"},{"ELEMENT":"3e4a508d-9618-4304-8ba5-28d0457a9754","element-6066-11e4-a52e-4f735466cecf":"3e4a508d-9618-4304-8ba5-28d0457a9754"}]}
[debug] [35m[W3C (93a797f5)][39m Responding to client with driver.findElements() result: [{"element-6066-11e4-a52e-4f735466cecf":"30086366-8bc6-4e32-b682-e02c31d453ef","ELEMENT":"30086366-8bc6-4e32-b682-e02c31d453ef"},{"element-6066-11e4-a52e-4f735466cecf":"07d0fc9b-db56-4095-abad-85c5d8f46ceb","ELEMENT":"07d0fc9b-db56-4095-abad-85c5d8f46ceb"},{"element-6066-11e4-a52e-4f735466cecf":"3e4a508d-9618-4304-8ba5-28d0457a9754","ELEMENT":"3e4a508d-9618-4304-8ba5-28d0457a9754"}]
[35m[HTTP][39m [37m<-- POST /wd/hub/session/93a797f5-5e9e-4658-a1b4-ffa01514fca3/elements [39m[32m200[39m [90m53 ms - 395[39m
[35m[HTTP][39m [90m[39m
[debug] [35m[Instrumentation][39m .
[debug] [35m[Instrumentation][39m Time: 462.49
[debug] [35m[Instrumentation][39m 
[debug] [35m[Instrumentation][39m OK (1 test)
[debug] [35m[Instrumentation][39m The process has exited with code 0
